<?xml version="1.0" encoding="UTF-8"?>
<!-- Generated by org.testng.reporters.JUnitXMLReporter -->
<testsuite hostname="Administrators-MacBook-Pro-9.local" ignored="0" name="Hub Spot App Test Cases" tests="2" failures="0" timestamp="15 Oct 2018 16:28:14 GMT" time="27.191" errors="0">
  <testcase name="verifyHomePageTitleTest" time="4.858" classname="com.qa.xyz.tests.HomePageTest"/>
  <testcase name="verifyLoggedInUserTest" time="5.368" classname="com.qa.xyz.tests.HomePageTest"/>
</testsuite> <!-- Hub Spot App Test Cases -->
