<?xml version="1.0" encoding="UTF-8"?>
<!-- Generated by org.testng.reporters.JUnitXMLReporter -->
<testsuite hostname="Administrators-MacBook-Pro-9.local" ignored="1" name="Default test" tests="1" failures="0" timestamp="11 Oct 2018 19:03:20 GMT" time="13.66" errors="0">
  <testcase name="verifyLoggedInUserTest" time="7.582" classname="com.qa.xyz.tests.HomePageTest"/>
  <testcase name="verifyHomePageTitleTest" time="0.0" classname="com.qa.xyz.tests.HomePageTest">
    <ignored/>
  </testcase> <!-- verifyHomePageTitleTest -->
</testsuite> <!-- Default test -->
