<?xml version="1.0" encoding="UTF-8"?>
<!-- Generated by org.testng.reporters.JUnitXMLReporter -->
<testsuite hostname="Administrators-MacBook-Pro-9.local" ignored="0" name="Hub Spot App Test Cases" tests="2" failures="0" timestamp="15 Oct 2018 16:38:32 GMT" time="21.686" errors="0">
  <testcase name="verifyHomePageTitleTest" time="4.647" classname="com.qa.xyz.tests.HomePageTest"/>
  <testcase name="verifyLoggedInUserTest" time="5.934" classname="com.qa.xyz.tests.HomePageTest"/>
</testsuite> <!-- Hub Spot App Test Cases -->
