<?xml version="1.0" encoding="UTF-8"?>
<testng-results skipped="0" failed="0" ignored="0" total="2" passed="2">
  <reporter-output>
  </reporter-output>
  <suite name="Hub Spot Test Automation Test Suite" duration-ms="27191" started-at="2018-10-15T16:27:47Z" finished-at="2018-10-15T16:28:14Z">
    <groups>
    </groups>
    <test name="Hub Spot App Test Cases" duration-ms="27191" started-at="2018-10-15T16:27:47Z" finished-at="2018-10-15T16:28:14Z">
      <class name="com.qa.xyz.tests.HomePageTest">
        <test-method status="PASS" signature="setUp()[pri:0, instance:com.qa.xyz.tests.HomePageTest@42eca56e]" name="setUp" is-config="true" duration-ms="12185" started-at="2018-10-15T16:27:47Z" finished-at="2018-10-15T16:27:59Z">
          <reporter-output>
          </reporter-output>
        </test-method> <!-- setUp -->
        <test-method status="PASS" signature="verifyHomePageTitleTest()[pri:0, instance:com.qa.xyz.tests.HomePageTest@42eca56e]" name="verifyHomePageTitleTest" duration-ms="4858" started-at="2018-10-15T16:27:59Z" finished-at="2018-10-15T16:28:04Z">
          <reporter-output>
          </reporter-output>
        </test-method> <!-- verifyHomePageTitleTest -->
        <test-method status="PASS" signature="tearDown()[pri:0, instance:com.qa.xyz.tests.HomePageTest@42eca56e]" name="tearDown" is-config="true" duration-ms="95" started-at="2018-10-15T16:28:04Z" finished-at="2018-10-15T16:28:04Z">
          <reporter-output>
          </reporter-output>
        </test-method> <!-- tearDown -->
        <test-method status="PASS" signature="setUp()[pri:0, instance:com.qa.xyz.tests.HomePageTest@42eca56e]" name="setUp" is-config="true" duration-ms="4548" started-at="2018-10-15T16:28:04Z" finished-at="2018-10-15T16:28:09Z">
          <reporter-output>
          </reporter-output>
        </test-method> <!-- setUp -->
        <test-method status="PASS" signature="verifyLoggedInUserTest()[pri:0, instance:com.qa.xyz.tests.HomePageTest@42eca56e]" name="verifyLoggedInUserTest" duration-ms="5368" started-at="2018-10-15T16:28:09Z" finished-at="2018-10-15T16:28:14Z">
          <reporter-output>
          </reporter-output>
        </test-method> <!-- verifyLoggedInUserTest -->
        <test-method status="PASS" signature="tearDown()[pri:0, instance:com.qa.xyz.tests.HomePageTest@42eca56e]" name="tearDown" is-config="true" duration-ms="110" started-at="2018-10-15T16:28:14Z" finished-at="2018-10-15T16:28:14Z">
          <reporter-output>
          </reporter-output>
        </test-method> <!-- tearDown -->
      </class> <!-- com.qa.xyz.tests.HomePageTest -->
    </test> <!-- Hub Spot App Test Cases -->
  </suite> <!-- Hub Spot Test Automation Test Suite -->
</testng-results>
